This is pdfTeX, Version 3.14159265-2.6-1.40.19 (TeX Live 2019/dev/Debian) (preloaded format=pdflatex 2021.1.13)  8 MAR 2021 11:32
entering extended mode
 restricted \write18 enabled.
 %&-line parsing enabled.
**chap1.tex
(./chap1.tex
LaTeX2e <2018-12-01>
! Undefined control sequence.
l.9 \chapter
            {El Sol y la corona solar}
? 
! Emergency stop.
l.9 \chapter
            {El Sol y la corona solar}
End of file on the terminal!

 
Here is how much of TeX's memory you used:
 5 strings out of 494385
 134 string characters out of 6172919
 52535 words of memory out of 5000000
 3789 multiletter control sequences out of 15000+600000
 3640 words of font info for 14 fonts, out of 8000000 for 9000
 107 hyphenation exceptions out of 8191
 5i,0n,1p,91b,8s stack positions out of 5000i,500n,10000p,200000b,80000s
!  ==> Fatal error occurred, no output PDF file produced!
