\BOOKMARK [0][-]{chapter*.1}{Resumen}{}% 1
\BOOKMARK [0][-]{chapter*.2}{Abstract}{}% 2
\BOOKMARK [0][-]{chapter*.3}{Agradecimientos}{}% 3
\BOOKMARK [0][-]{chapter.1}{El Sol y la corona solar}{}% 4
\BOOKMARK [1][-]{section.1.1}{Interior Solar}{chapter.1}% 5
\BOOKMARK [1][-]{section.1.2}{Atm\363sfera solar}{chapter.1}% 6
\BOOKMARK [2][-]{subsection.1.2.1}{La corona solar}{section.1.2}% 7
\BOOKMARK [2][-]{subsection.1.2.2}{Viento solar}{section.1.2}% 8
\BOOKMARK [1][-]{section.1.3}{El ciclo de actividad solar}{chapter.1}% 9
\BOOKMARK [0][-]{chapter.2}{Plasma coronal}{}% 10
\BOOKMARK [1][-]{section.2.1}{Emisividad EUV}{chapter.2}% 11
\BOOKMARK [2][-]{subsection.2.1.1}{Instrumentos EUV}{section.2.1}% 12
\BOOKMARK [1][-]{section.2.2}{Emisividad en luz blanca}{chapter.2}% 13
\BOOKMARK [2][-]{subsection.2.2.1}{Instrumentos LB utilizados}{section.2.2}% 14
\BOOKMARK [1][-]{section.2.3}{MHD}{chapter.2}% 15
\BOOKMARK [1][-]{section.2.4}{Modelo AWSoM}{chapter.2}% 16
\BOOKMARK [0][-]{chapter.3}{Tomograf\355a}{}% 17
\BOOKMARK [1][-]{section.3.1}{El problema tomogr\341fico}{chapter.3}% 18
\BOOKMARK [1][-]{section.3.2}{Tomogra\355a en EUV}{chapter.3}% 19
\BOOKMARK [2][-]{subsection.3.2.1}{FBE}{section.3.2}% 20
\BOOKMARK [2][-]{subsection.3.2.2}{Validacion cruzada}{section.3.2}% 21
\BOOKMARK [2][-]{subsection.3.2.3}{Momentos LDEM}{section.3.2}% 22
\BOOKMARK [1][-]{section.3.3}{Tomograf\355a en luz blanca}{chapter.3}% 23
\BOOKMARK [2][-]{subsection.3.3.1}{Incertezas \(apendice?\)}{section.3.3}% 24
\BOOKMARK [0][-]{chapter.4}{Campo magn\351tico coronal}{}% 25
\BOOKMARK [1][-]{section.4.1}{Mediciones fotosf\351ricas}{chapter.4}% 26
\BOOKMARK [1][-]{section.4.2}{Modelo potencial con superficie fuente: PFSS}{chapter.4}% 27
\BOOKMARK [2][-]{subsection.4.2.1}{Trazado de l\355neas magn\351ticas}{section.4.2}% 28
\BOOKMARK [2][-]{subsection.4.2.2}{Topolog\355a magn\351tica coronal}{section.4.2}% 29
\BOOKMARK [0][-]{chapter.5}{Solphys 2017}{}% 30
\BOOKMARK [0][-]{chapter.6}{freswed + Nishtha}{}% 31
\BOOKMARK [0][-]{chapter.7}{Nuevo analisis}{}% 32
\BOOKMARK [0][-]{chapter.8}{comparacion energetica}{}% 33
